  glad.c
  Main.cpp
C:\Users\VelocityRX\Documents\Skola\PG2\Engine\Engine\src\Main.cpp(314,28): warning C4244: 'initializing': conversion from 'double' to 'float', possible loss of data
C:\Users\VelocityRX\Documents\Skola\PG2\Engine\Engine\src\Main.cpp(348,22): warning C4244: 'initializing': conversion from 'double' to 'float', possible loss of data
C:\Users\VelocityRX\Documents\Skola\PG2\Engine\Engine\src\Main.cpp(359,25): warning C4244: 'initializing': conversion from 'double' to 'float', possible loss of data
C:\Users\VelocityRX\Documents\Skola\PG2\Engine\Engine\src\Main.cpp(389,31): warning C4244: '=': conversion from 'double' to 'float', possible loss of data
C:\Users\VelocityRX\Documents\Skola\PG2\Engine\Engine\src\Main.cpp(443,17): warning C4244: '=': conversion from 'double' to 'float', possible loss of data
C:\Users\VelocityRX\Documents\Skola\PG2\Engine\Engine\src\Main.cpp(444,17): warning C4244: '=': conversion from 'double' to 'float', possible loss of data
C:\Users\VelocityRX\Documents\Skola\PG2\Engine\Engine\src\Main.cpp(448,19): warning C4244: 'initializing': conversion from 'double' to 'float', possible loss of data
C:\Users\VelocityRX\Documents\Skola\PG2\Engine\Engine\src\Main.cpp(449,19): warning C4244: 'initializing': conversion from 'double' to 'float', possible loss of data
C:\Users\VelocityRX\Documents\Skola\PG2\Engine\Engine\src\Main.cpp(451,13): warning C4244: '=': conversion from 'double' to 'float', possible loss of data
C:\Users\VelocityRX\Documents\Skola\PG2\Engine\Engine\src\Main.cpp(452,13): warning C4244: '=': conversion from 'double' to 'float', possible loss of data
C:\Users\VelocityRX\Documents\Skola\PG2\Engine\Engine\src\Main.cpp(459,31): warning C4244: 'argument': conversion from 'double' to 'float', possible loss of data
  objloader.cpp
  stb_image.cpp
  Generating Code...
glfw3.lib(context.obj) : warning LNK4099: PDB 'glfw3.pdb' was not found with 'glfw3.lib(context.obj)' or at 'C:\Users\VelocityRX\Documents\Skola\PG2\Engine\bin\x64\Debug\glfw3.pdb'; linking object as if no debug info
glfw3.lib(init.obj) : warning LNK4099: PDB 'glfw3.pdb' was not found with 'glfw3.lib(init.obj)' or at 'C:\Users\VelocityRX\Documents\Skola\PG2\Engine\bin\x64\Debug\glfw3.pdb'; linking object as if no debug info
glfw3.lib(input.obj) : warning LNK4099: PDB 'glfw3.pdb' was not found with 'glfw3.lib(input.obj)' or at 'C:\Users\VelocityRX\Documents\Skola\PG2\Engine\bin\x64\Debug\glfw3.pdb'; linking object as if no debug info
glfw3.lib(monitor.obj) : warning LNK4099: PDB 'glfw3.pdb' was not found with 'glfw3.lib(monitor.obj)' or at 'C:\Users\VelocityRX\Documents\Skola\PG2\Engine\bin\x64\Debug\glfw3.pdb'; linking object as if no debug info
glfw3.lib(vulkan.obj) : warning LNK4099: PDB 'glfw3.pdb' was not found with 'glfw3.lib(vulkan.obj)' or at 'C:\Users\VelocityRX\Documents\Skola\PG2\Engine\bin\x64\Debug\glfw3.pdb'; linking object as if no debug info
glfw3.lib(window.obj) : warning LNK4099: PDB 'glfw3.pdb' was not found with 'glfw3.lib(window.obj)' or at 'C:\Users\VelocityRX\Documents\Skola\PG2\Engine\bin\x64\Debug\glfw3.pdb'; linking object as if no debug info
glfw3.lib(win32_init.obj) : warning LNK4099: PDB 'glfw3.pdb' was not found with 'glfw3.lib(win32_init.obj)' or at 'C:\Users\VelocityRX\Documents\Skola\PG2\Engine\bin\x64\Debug\glfw3.pdb'; linking object as if no debug info
glfw3.lib(win32_joystick.obj) : warning LNK4099: PDB 'glfw3.pdb' was not found with 'glfw3.lib(win32_joystick.obj)' or at 'C:\Users\VelocityRX\Documents\Skola\PG2\Engine\bin\x64\Debug\glfw3.pdb'; linking object as if no debug info
glfw3.lib(win32_monitor.obj) : warning LNK4099: PDB 'glfw3.pdb' was not found with 'glfw3.lib(win32_monitor.obj)' or at 'C:\Users\VelocityRX\Documents\Skola\PG2\Engine\bin\x64\Debug\glfw3.pdb'; linking object as if no debug info
glfw3.lib(win32_time.obj) : warning LNK4099: PDB 'glfw3.pdb' was not found with 'glfw3.lib(win32_time.obj)' or at 'C:\Users\VelocityRX\Documents\Skola\PG2\Engine\bin\x64\Debug\glfw3.pdb'; linking object as if no debug info
glfw3.lib(win32_thread.obj) : warning LNK4099: PDB 'glfw3.pdb' was not found with 'glfw3.lib(win32_thread.obj)' or at 'C:\Users\VelocityRX\Documents\Skola\PG2\Engine\bin\x64\Debug\glfw3.pdb'; linking object as if no debug info
glfw3.lib(win32_window.obj) : warning LNK4099: PDB 'glfw3.pdb' was not found with 'glfw3.lib(win32_window.obj)' or at 'C:\Users\VelocityRX\Documents\Skola\PG2\Engine\bin\x64\Debug\glfw3.pdb'; linking object as if no debug info
glfw3.lib(wgl_context.obj) : warning LNK4099: PDB 'glfw3.pdb' was not found with 'glfw3.lib(wgl_context.obj)' or at 'C:\Users\VelocityRX\Documents\Skola\PG2\Engine\bin\x64\Debug\glfw3.pdb'; linking object as if no debug info
glfw3.lib(egl_context.obj) : warning LNK4099: PDB 'glfw3.pdb' was not found with 'glfw3.lib(egl_context.obj)' or at 'C:\Users\VelocityRX\Documents\Skola\PG2\Engine\bin\x64\Debug\glfw3.pdb'; linking object as if no debug info
glfw3.lib(osmesa_context.obj) : warning LNK4099: PDB 'glfw3.pdb' was not found with 'glfw3.lib(osmesa_context.obj)' or at 'C:\Users\VelocityRX\Documents\Skola\PG2\Engine\bin\x64\Debug\glfw3.pdb'; linking object as if no debug info
  Engine.vcxproj -> C:\Users\VelocityRX\Documents\Skola\PG2\Engine\bin\x64\Debug\Engine.exe
